This file contains any messages produced by compilers while
running configure, to aid debugging if configure makes a mistake.

It was created by CTool configure 2.11, which was
generated by GNU Autoconf 2.59.  Invocation command line was

  $ configure 

## --------- ##
## Platform. ##
## --------- ##

hostname = csd
uname -m = sun4u
uname -r = 5.9
uname -s = SunOS
uname -v = Generic_112233-08

/usr/bin/uname -p = sparc
/bin/uname -X     = System = SunOS
Node = csd
Release = 5.9
KernelID = Generic_112233-08
Machine = sun4u
BusType = <unknown>
Serial = <unknown>
Users = <unknown>
OEM# = 0
Origin# = 1
NumCPU = 8

/bin/arch              = sun4
/usr/bin/arch -k       = sun4u
/usr/convex/getsysinfo = unknown
hostinfo               = unknown
/bin/machine           = unknown
/usr/bin/oslevel       = unknown
/bin/universe          = unknown

PATH: /usr/local/lib/texmf/bin/sparc-solaris2.4
PATH: /home/bgodlin/bin
PATH: /usr/local/bin
PATH: /usr/local
PATH: /usr/hosts
PATH: /usr/bin/X11
PATH: /usr/openwin/bin
PATH: /usr/openwin/demo
PATH: /usr/bin
PATH: /bin
PATH: /sbin
PATH: /usr/sbin
PATH: /usr/ucb
PATH: /usr/bsd
PATH: /usr/etc
PATH: /usr/ccs/bin
PATH: /usr/ccs/lib
PATH: /usr.4.1.3/local/bin
PATH: .


## ----------- ##
## Core tests. ##
## ----------- ##

configure:1355: checking build system type
configure:1373: result: sparc-sun-solaris2.9
configure:1381: checking host system type
configure:1395: result: sparc-sun-solaris2.9
configure:1404: checking whether make sets $(MAKE)
configure:1424: result: yes
configure:1479: checking for gcc
configure:1495: found /usr/local/bin/gcc
configure:1505: result: gcc
configure:1749: checking for C compiler version
configure:1752: gcc --version </dev/null >&5
3.0.4
configure:1755: $? = 0
configure:1757: gcc -v </dev/null >&5
Reading specs from /usr/local/lib/gcc-lib/sparc-sun-solaris2.8/3.0.4/specs
Configured with: ../configure --enable-libgcj
Thread model: posix
gcc version 3.0.4
configure:1760: $? = 0
configure:1762: gcc -V </dev/null >&5
gcc: argument to `-V' is missing
configure:1765: $? = 1
configure:1788: checking for C compiler default output file name
configure:1791: gcc    conftest.c  >&5
configure:1794: $? = 0
configure:1840: result: a.out
configure:1845: checking whether the C compiler works
configure:1851: ./a.out
configure:1854: $? = 0
configure:1871: result: yes
configure:1878: checking whether we are cross compiling
configure:1880: result: no
configure:1883: checking for suffix of executables
configure:1885: gcc -o conftest    conftest.c  >&5
configure:1888: $? = 0
configure:1913: result: 
configure:1919: checking for suffix of object files
configure:1940: gcc -c   conftest.c >&5
configure:1943: $? = 0
configure:1965: result: o
configure:1969: checking whether we are using the GNU C compiler
configure:1993: gcc -c   conftest.c >&5
configure:1999: $? = 0
configure:2003: test -z 
			 || test ! -s conftest.err
configure:2006: $? = 0
configure:2009: test -s conftest.o
configure:2012: $? = 0
configure:2025: result: yes
configure:2031: checking whether gcc accepts -g
configure:2052: gcc -c -g  conftest.c >&5
configure:2058: $? = 0
configure:2062: test -z 
			 || test ! -s conftest.err
configure:2065: $? = 0
configure:2068: test -s conftest.o
configure:2071: $? = 0
configure:2082: result: yes
configure:2099: checking for gcc option to accept ANSI C
configure:2169: gcc  -c -g -O2  conftest.c >&5
configure:2175: $? = 0
configure:2179: test -z 
			 || test ! -s conftest.err
configure:2182: $? = 0
configure:2185: test -s conftest.o
configure:2188: $? = 0
configure:2206: result: none needed
configure:2224: gcc -c -g -O2  conftest.c >&5
conftest.c:2: parse error before "me"
configure:2230: $? = 1
configure: failed program was:
| #ifndef __cplusplus
|   choke me
| #endif
configure:2368: checking for flex
configure:2384: found /usr/local/bin/flex
configure:2394: result: flex
configure:2407: checking for yywrap in -lfl
configure:2437: gcc -o conftest -g -O2   conftest.c -lfl   >&5
configure:2443: $? = 0
configure:2447: test -z 
			 || test ! -s conftest.err
configure:2450: $? = 0
configure:2453: test -s conftest
configure:2456: $? = 0
configure:2469: result: yes
configure:2547: checking lex output file root
configure:2558: flex conftest.l
configure:2561: $? = 0
configure:2573: result: lex.yy
configure:2578: checking whether yytext is a pointer
configure:2594: gcc -o conftest -g -O2   conftest.c  -lfl >&5
configure:2600: $? = 0
configure:2604: test -z 
			 || test ! -s conftest.err
configure:2607: $? = 0
configure:2610: test -s conftest
configure:2613: $? = 0
configure:2627: result: yes
configure:2642: checking for bison
configure:2658: found /usr/local/bin/bison
configure:2668: result: bison -y
configure:2684: checking how to run the C preprocessor
configure:2719: gcc -E  conftest.c
configure:2725: $? = 0
configure:2757: gcc -E  conftest.c
conftest.c:10:28: ac_nonexistent.h: No such file or directory
configure:2763: $? = 1
configure: failed program was:
| /* confdefs.h.  */
| 
| #define PACKAGE_NAME "CTool"
| #define PACKAGE_TARNAME "ctool"
| #define PACKAGE_VERSION "2.11"
| #define PACKAGE_STRING "CTool 2.11"
| #define PACKAGE_BUGREPORT "ctool-develop@lists.sourceforge.net"
| #define YYTEXT_POINTER 1
| /* end confdefs.h.  */
| #include <ac_nonexistent.h>
configure:2802: result: gcc -E
configure:2826: gcc -E  conftest.c
configure:2832: $? = 0
configure:2864: gcc -E  conftest.c
conftest.c:10:28: ac_nonexistent.h: No such file or directory
configure:2870: $? = 1
configure: failed program was:
| /* confdefs.h.  */
| 
| #define PACKAGE_NAME "CTool"
| #define PACKAGE_TARNAME "ctool"
| #define PACKAGE_VERSION "2.11"
| #define PACKAGE_STRING "CTool 2.11"
| #define PACKAGE_BUGREPORT "ctool-develop@lists.sourceforge.net"
| #define YYTEXT_POINTER 1
| /* end confdefs.h.  */
| #include <ac_nonexistent.h>
configure:2959: checking for gcc
configure:2985: result: gcc
configure:3229: checking for C compiler version
configure:3232: gcc --version </dev/null >&5
3.0.4
configure:3235: $? = 0
configure:3237: gcc -v </dev/null >&5
Reading specs from /usr/local/lib/gcc-lib/sparc-sun-solaris2.8/3.0.4/specs
Configured with: ../configure --enable-libgcj
Thread model: posix
gcc version 3.0.4
configure:3240: $? = 0
configure:3242: gcc -V </dev/null >&5
gcc: argument to `-V' is missing
configure:3245: $? = 1
configure:3248: checking whether we are using the GNU C compiler
configure:3304: result: yes
configure:3310: checking whether gcc accepts -g
configure:3361: result: yes
configure:3378: checking for gcc option to accept ANSI C
configure:3485: result: none needed
configure:3503: gcc -c -g -O2  conftest.c >&5
conftest.c:2: parse error before "me"
configure:3509: $? = 1
configure: failed program was:
| #ifndef __cplusplus
|   choke me
| #endif
configure:3694: checking for g++
configure:3710: found /usr/local/bin/g++
configure:3720: result: g++
configure:3736: checking for C++ compiler version
configure:3739: g++ --version </dev/null >&5
3.0.4
configure:3742: $? = 0
configure:3744: g++ -v </dev/null >&5
Reading specs from /usr/local/lib/gcc-lib/sparc-sun-solaris2.8/3.0.4/specs
Configured with: ../configure --enable-libgcj
Thread model: posix
gcc version 3.0.4
configure:3747: $? = 0
configure:3749: g++ -V </dev/null >&5
g++: argument to `-V' missing

configure:3752: $? = 1
configure:3755: checking whether we are using the GNU C++ compiler
configure:3779: g++ -c   conftest.cc >&5
configure:3785: $? = 0
configure:3789: test -z 
			 || test ! -s conftest.err
configure:3792: $? = 0
configure:3795: test -s conftest.o
configure:3798: $? = 0
configure:3811: result: yes
configure:3817: checking whether g++ accepts -g
configure:3838: g++ -c -g  conftest.cc >&5
configure:3844: $? = 0
configure:3848: test -z 
			 || test ! -s conftest.err
configure:3851: $? = 0
configure:3854: test -s conftest.o
configure:3857: $? = 0
configure:3868: result: yes
configure:3910: g++ -c -g -O2  conftest.cc >&5
configure:3916: $? = 0
configure:3920: test -z 
			 || test ! -s conftest.err
configure:3923: $? = 0
configure:3926: test -s conftest.o
configure:3929: $? = 0
configure:3955: g++ -c -g -O2  conftest.cc >&5
conftest.cc: In function `int main()':
conftest.cc:14: `exit' undeclared (first use this function)
conftest.cc:14: (Each undeclared identifier is reported only once for each 
   function it appears in.)
configure:3961: $? = 1
configure: failed program was:
| /* confdefs.h.  */
| 
| #define PACKAGE_NAME "CTool"
| #define PACKAGE_TARNAME "ctool"
| #define PACKAGE_VERSION "2.11"
| #define PACKAGE_STRING "CTool 2.11"
| #define PACKAGE_BUGREPORT "ctool-develop@lists.sourceforge.net"
| #define YYTEXT_POINTER 1
| /* end confdefs.h.  */
| 
| int
| main ()
| {
| exit (42);
|   ;
|   return 0;
| }
configure:3910: g++ -c -g -O2  conftest.cc >&5
conftest.cc:10: `void std::exit(int)' should have been declared inside `std'
conftest.cc:10: `exit' not declared
In file included from /usr/include/stdlib.h:18,
                 from conftest.cc:11:
/usr/local/lib/gcc-lib/sparc-sun-solaris2.8/3.0.4/include/iso/stdlib_iso.h:113: `void
   exit(int)' conflicts with used function
conftest.cc:10: `void std::exit(int)' previously declared here
/usr/local/lib/gcc-lib/sparc-sun-solaris2.8/3.0.4/include/iso/stdlib_iso.h:113: declaration
   of `void std::exit(int)' throws different exceptions
conftest.cc:10: than previous declaration `void std::exit(int) throw ()'
configure:3916: $? = 1
configure: failed program was:
| /* confdefs.h.  */
| 
| #define PACKAGE_NAME "CTool"
| #define PACKAGE_TARNAME "ctool"
| #define PACKAGE_VERSION "2.11"
| #define PACKAGE_STRING "CTool 2.11"
| #define PACKAGE_BUGREPORT "ctool-develop@lists.sourceforge.net"
| #define YYTEXT_POINTER 1
| /* end confdefs.h.  */
| extern "C" void std::exit (int) throw (); using std::exit;
| #include <stdlib.h>
| int
| main ()
| {
| exit (42);
|   ;
|   return 0;
| }
configure:3910: g++ -c -g -O2  conftest.cc >&5
conftest.cc:10: `void std::exit(int)' should have been declared inside `std'
conftest.cc:10: `exit' not declared
In file included from /usr/include/stdlib.h:18,
                 from conftest.cc:11:
/usr/local/lib/gcc-lib/sparc-sun-solaris2.8/3.0.4/include/iso/stdlib_iso.h:113: `void
   exit(int)' conflicts with used function
conftest.cc:10: `void std::exit(int)' previously declared here
configure:3916: $? = 1
configure: failed program was:
| /* confdefs.h.  */
| 
| #define PACKAGE_NAME "CTool"
| #define PACKAGE_TARNAME "ctool"
| #define PACKAGE_VERSION "2.11"
| #define PACKAGE_STRING "CTool 2.11"
| #define PACKAGE_BUGREPORT "ctool-develop@lists.sourceforge.net"
| #define YYTEXT_POINTER 1
| /* end confdefs.h.  */
| extern "C" void std::exit (int); using std::exit;
| #include <stdlib.h>
| int
| main ()
| {
| exit (42);
|   ;
|   return 0;
| }
configure:3910: g++ -c -g -O2  conftest.cc >&5
In file included from /usr/include/stdlib.h:18,
                 from conftest.cc:11:
/usr/local/lib/gcc-lib/sparc-sun-solaris2.8/3.0.4/include/iso/stdlib_iso.h:113: declaration
   of `void exit(int)' throws different exceptions
conftest.cc:10: than previous declaration `void exit(int) throw ()'
configure:3916: $? = 1
configure: failed program was:
| /* confdefs.h.  */
| 
| #define PACKAGE_NAME "CTool"
| #define PACKAGE_TARNAME "ctool"
| #define PACKAGE_VERSION "2.11"
| #define PACKAGE_STRING "CTool 2.11"
| #define PACKAGE_BUGREPORT "ctool-develop@lists.sourceforge.net"
| #define YYTEXT_POINTER 1
| /* end confdefs.h.  */
| extern "C" void exit (int) throw ();
| #include <stdlib.h>
| int
| main ()
| {
| exit (42);
|   ;
|   return 0;
| }
configure:3910: g++ -c -g -O2  conftest.cc >&5
configure:3916: $? = 0
configure:3920: test -z 
			 || test ! -s conftest.err
configure:3923: $? = 0
configure:3926: test -s conftest.o
configure:3929: $? = 0
configure:3955: g++ -c -g -O2  conftest.cc >&5
configure:3961: $? = 0
configure:3965: test -z 
			 || test ! -s conftest.err
configure:3968: $? = 0
configure:3971: test -s conftest.o
configure:3974: $? = 0
configure:4038: checking for ranlib
configure:4054: found /usr/local/bin/ranlib
configure:4065: result: ranlib
configure:4090: checking for a BSD-compatible install
configure:4145: result: ./install.sh -c
configure:4165: checking for egrep
configure:4175: result: egrep
configure:4180: checking for ANSI C header files
configure:4205: gcc -c -g -O2  conftest.c >&5
configure:4211: $? = 0
configure:4215: test -z 
			 || test ! -s conftest.err
configure:4218: $? = 0
configure:4221: test -s conftest.o
configure:4224: $? = 0
configure:4310: gcc -o conftest -g -O2   conftest.c  >&5
configure:4313: $? = 0
configure:4315: ./conftest
configure:4318: $? = 0
configure:4333: result: yes
configure:4350: checking for getenv
configure:4407: gcc -o conftest -g -O2   conftest.c  >&5
configure:4413: $? = 0
configure:4417: test -z 
			 || test ! -s conftest.err
configure:4420: $? = 0
configure:4423: test -s conftest
configure:4426: $? = 0
configure:4438: result: yes
configure:4350: checking for putenv
configure:4407: gcc -o conftest -g -O2   conftest.c  >&5
configure:4413: $? = 0
configure:4417: test -z 
			 || test ! -s conftest.err
configure:4420: $? = 0
configure:4423: test -s conftest
configure:4426: $? = 0
configure:4438: result: yes
configure:4350: checking for setenv
configure:4407: gcc -o conftest -g -O2   conftest.c  >&5
/var/tmp/cc4HHzNg.o: In function `main':
/home/bgodlin/work/ctool/conftest.c:56: undefined reference to `setenv'
/home/bgodlin/work/ctool/conftest.c:56: undefined reference to `setenv'
/home/bgodlin/work/ctool/conftest.c:56: undefined reference to `setenv'
collect2: ld returned 1 exit status
configure:4413: $? = 1
configure: failed program was:
| /* confdefs.h.  */
| 
| #define PACKAGE_NAME "CTool"
| #define PACKAGE_TARNAME "ctool"
| #define PACKAGE_VERSION "2.11"
| #define PACKAGE_STRING "CTool 2.11"
| #define PACKAGE_BUGREPORT "ctool-develop@lists.sourceforge.net"
| #define YYTEXT_POINTER 1
| #ifdef __cplusplus
| extern "C" void exit (int);
| #endif
| #define STDC_HEADERS 1
| #define HAVE_GETENV 1
| #define HAVE_PUTENV 1
| /* end confdefs.h.  */
| /* Define setenv to an innocuous variant, in case <limits.h> declares setenv.
|    For example, HP-UX 11i <limits.h> declares gettimeofday.  */
| #define setenv innocuous_setenv
| 
| /* System header to define __stub macros and hopefully few prototypes,
|     which can conflict with char setenv (); below.
|     Prefer <limits.h> to <assert.h> if __STDC__ is defined, since
|     <limits.h> exists even on freestanding compilers.  */
| 
| #ifdef __STDC__
| # include <limits.h>
| #else
| # include <assert.h>
| #endif
| 
| #undef setenv
| 
| /* Override any gcc2 internal prototype to avoid an error.  */
| #ifdef __cplusplus
| extern "C"
| {
| #endif
| /* We use char because int might match the return type of a gcc2
|    builtin and then its argument prototype would still apply.  */
| char setenv ();
| /* The GNU C library defines this for functions which it implements
|     to always fail with ENOSYS.  Some functions are actually named
|     something starting with __ and the normal name is an alias.  */
| #if defined (__stub_setenv) || defined (__stub___setenv)
| choke me
| #else
| char (*f) () = setenv;
| #endif
| #ifdef __cplusplus
| }
| #endif
| 
| int
| main ()
| {
| return f != setenv;
|   ;
|   return 0;
| }
configure:4438: result: no
configure:4350: checking for unsetenv
configure:4407: gcc -o conftest -g -O2   conftest.c  >&5
/var/tmp/ccYFlpKR.o: In function `main':
/home/bgodlin/work/ctool/conftest.c:56: undefined reference to `unsetenv'
/home/bgodlin/work/ctool/conftest.c:56: undefined reference to `unsetenv'
/home/bgodlin/work/ctool/conftest.c:56: undefined reference to `unsetenv'
collect2: ld returned 1 exit status
configure:4413: $? = 1
configure: failed program was:
| /* confdefs.h.  */
| 
| #define PACKAGE_NAME "CTool"
| #define PACKAGE_TARNAME "ctool"
| #define PACKAGE_VERSION "2.11"
| #define PACKAGE_STRING "CTool 2.11"
| #define PACKAGE_BUGREPORT "ctool-develop@lists.sourceforge.net"
| #define YYTEXT_POINTER 1
| #ifdef __cplusplus
| extern "C" void exit (int);
| #endif
| #define STDC_HEADERS 1
| #define HAVE_GETENV 1
| #define HAVE_PUTENV 1
| /* end confdefs.h.  */
| /* Define unsetenv to an innocuous variant, in case <limits.h> declares unsetenv.
|    For example, HP-UX 11i <limits.h> declares gettimeofday.  */
| #define unsetenv innocuous_unsetenv
| 
| /* System header to define __stub macros and hopefully few prototypes,
|     which can conflict with char unsetenv (); below.
|     Prefer <limits.h> to <assert.h> if __STDC__ is defined, since
|     <limits.h> exists even on freestanding compilers.  */
| 
| #ifdef __STDC__
| # include <limits.h>
| #else
| # include <assert.h>
| #endif
| 
| #undef unsetenv
| 
| /* Override any gcc2 internal prototype to avoid an error.  */
| #ifdef __cplusplus
| extern "C"
| {
| #endif
| /* We use char because int might match the return type of a gcc2
|    builtin and then its argument prototype would still apply.  */
| char unsetenv ();
| /* The GNU C library defines this for functions which it implements
|     to always fail with ENOSYS.  Some functions are actually named
|     something starting with __ and the normal name is an alias.  */
| #if defined (__stub_unsetenv) || defined (__stub___unsetenv)
| choke me
| #else
| char (*f) () = unsetenv;
| #endif
| #ifdef __cplusplus
| }
| #endif
| 
| int
| main ()
| {
| return f != unsetenv;
|   ;
|   return 0;
| }
configure:4438: result: no
configure:4456: platform specific system utilities
configure:4463: checking for strsignal
configure:4520: g++ -o conftest -g -O2   conftest.cc  >&5
configure:4526: $? = 0
configure:4530: test -z 
			 || test ! -s conftest.err
configure:4533: $? = 0
configure:4536: test -s conftest
configure:4539: $? = 0
configure:4551: result: yes
configure:4575: checking for sys/types.h
configure:4591: g++ -c -g -O2  conftest.cc >&5
configure:4597: $? = 0
configure:4601: test -z 
			 || test ! -s conftest.err
configure:4604: $? = 0
configure:4607: test -s conftest.o
configure:4610: $? = 0
configure:4621: result: yes
configure:4575: checking for sys/stat.h
configure:4591: g++ -c -g -O2  conftest.cc >&5
configure:4597: $? = 0
configure:4601: test -z 
			 || test ! -s conftest.err
configure:4604: $? = 0
configure:4607: test -s conftest.o
configure:4610: $? = 0
configure:4621: result: yes
configure:4575: checking for stdlib.h
configure:4591: g++ -c -g -O2  conftest.cc >&5
configure:4597: $? = 0
configure:4601: test -z 
			 || test ! -s conftest.err
configure:4604: $? = 0
configure:4607: test -s conftest.o
configure:4610: $? = 0
configure:4621: result: yes
configure:4575: checking for string.h
configure:4591: g++ -c -g -O2  conftest.cc >&5
configure:4597: $? = 0
configure:4601: test -z 
			 || test ! -s conftest.err
configure:4604: $? = 0
configure:4607: test -s conftest.o
configure:4610: $? = 0
configure:4621: result: yes
configure:4575: checking for memory.h
configure:4591: g++ -c -g -O2  conftest.cc >&5
configure:4597: $? = 0
configure:4601: test -z 
			 || test ! -s conftest.err
configure:4604: $? = 0
configure:4607: test -s conftest.o
configure:4610: $? = 0
configure:4621: result: yes
configure:4575: checking for strings.h
configure:4591: g++ -c -g -O2  conftest.cc >&5
configure:4597: $? = 0
configure:4601: test -z 
			 || test ! -s conftest.err
configure:4604: $? = 0
configure:4607: test -s conftest.o
configure:4610: $? = 0
configure:4621: result: yes
configure:4575: checking for inttypes.h
configure:4591: g++ -c -g -O2  conftest.cc >&5
configure:4597: $? = 0
configure:4601: test -z 
			 || test ! -s conftest.err
configure:4604: $? = 0
configure:4607: test -s conftest.o
configure:4610: $? = 0
configure:4621: result: yes
configure:4575: checking for stdint.h
configure:4591: g++ -c -g -O2  conftest.cc >&5
conftest.cc:59:20: stdint.h: No such file or directory
configure:4597: $? = 1
configure: failed program was:
| /* confdefs.h.  */
| 
| #define PACKAGE_NAME "CTool"
| #define PACKAGE_TARNAME "ctool"
| #define PACKAGE_VERSION "2.11"
| #define PACKAGE_STRING "CTool 2.11"
| #define PACKAGE_BUGREPORT "ctool-develop@lists.sourceforge.net"
| #define YYTEXT_POINTER 1
| #ifdef __cplusplus
| extern "C" void exit (int);
| #endif
| #define STDC_HEADERS 1
| #define HAVE_GETENV 1
| #define HAVE_PUTENV 1
| #define HAVE_STRSIGNAL 1
| #define HAVE_SYS_TYPES_H 1
| #define HAVE_SYS_STAT_H 1
| #define HAVE_STDLIB_H 1
| #define HAVE_STRING_H 1
| #define HAVE_MEMORY_H 1
| #define HAVE_STRINGS_H 1
| #define HAVE_INTTYPES_H 1
| /* end confdefs.h.  */
| #include <stdio.h>
| #if HAVE_SYS_TYPES_H
| # include <sys/types.h>
| #endif
| #if HAVE_SYS_STAT_H
| # include <sys/stat.h>
| #endif
| #if STDC_HEADERS
| # include <stdlib.h>
| # include <stddef.h>
| #else
| # if HAVE_STDLIB_H
| #  include <stdlib.h>
| # endif
| #endif
| #if HAVE_STRING_H
| # if !STDC_HEADERS && HAVE_MEMORY_H
| #  include <memory.h>
| # endif
| # include <string.h>
| #endif
| #if HAVE_STRINGS_H
| # include <strings.h>
| #endif
| #if HAVE_INTTYPES_H
| # include <inttypes.h>
| #else
| # if HAVE_STDINT_H
| #  include <stdint.h>
| # endif
| #endif
| #if HAVE_UNISTD_H
| # include <unistd.h>
| #endif
| 
| #include <stdint.h>
configure:4621: result: no
configure:4575: checking for unistd.h
configure:4591: g++ -c -g -O2  conftest.cc >&5
configure:4597: $? = 0
configure:4601: test -z 
			 || test ! -s conftest.err
configure:4604: $? = 0
configure:4607: test -s conftest.o
configure:4610: $? = 0
configure:4621: result: yes
configure:4638: checking how to run the C++ preprocessor
configure:4669: g++ -E  conftest.cc
configure:4675: $? = 0
configure:4707: g++ -E  conftest.cc
conftest.cc:25:28: ac_nonexistent.h: No such file or directory
configure:4713: $? = 1
configure: failed program was:
| /* confdefs.h.  */
| 
| #define PACKAGE_NAME "CTool"
| #define PACKAGE_TARNAME "ctool"
| #define PACKAGE_VERSION "2.11"
| #define PACKAGE_STRING "CTool 2.11"
| #define PACKAGE_BUGREPORT "ctool-develop@lists.sourceforge.net"
| #define YYTEXT_POINTER 1
| #ifdef __cplusplus
| extern "C" void exit (int);
| #endif
| #define STDC_HEADERS 1
| #define HAVE_GETENV 1
| #define HAVE_PUTENV 1
| #define HAVE_STRSIGNAL 1
| #define HAVE_SYS_TYPES_H 1
| #define HAVE_SYS_STAT_H 1
| #define HAVE_STDLIB_H 1
| #define HAVE_STRING_H 1
| #define HAVE_MEMORY_H 1
| #define HAVE_STRINGS_H 1
| #define HAVE_INTTYPES_H 1
| #define HAVE_UNISTD_H 1
| /* end confdefs.h.  */
| #include <ac_nonexistent.h>
configure:4752: result: g++ -E
configure:4776: g++ -E  conftest.cc
configure:4782: $? = 0
configure:4814: g++ -E  conftest.cc
conftest.cc:25:28: ac_nonexistent.h: No such file or directory
configure:4820: $? = 1
configure: failed program was:
| /* confdefs.h.  */
| 
| #define PACKAGE_NAME "CTool"
| #define PACKAGE_TARNAME "ctool"
| #define PACKAGE_VERSION "2.11"
| #define PACKAGE_STRING "CTool 2.11"
| #define PACKAGE_BUGREPORT "ctool-develop@lists.sourceforge.net"
| #define YYTEXT_POINTER 1
| #ifdef __cplusplus
| extern "C" void exit (int);
| #endif
| #define STDC_HEADERS 1
| #define HAVE_GETENV 1
| #define HAVE_PUTENV 1
| #define HAVE_STRSIGNAL 1
| #define HAVE_SYS_TYPES_H 1
| #define HAVE_SYS_STAT_H 1
| #define HAVE_STDLIB_H 1
| #define HAVE_STRING_H 1
| #define HAVE_MEMORY_H 1
| #define HAVE_STRINGS_H 1
| #define HAVE_INTTYPES_H 1
| #define HAVE_UNISTD_H 1
| /* end confdefs.h.  */
| #include <ac_nonexistent.h>
configure:4869: checking for string.h
configure:4874: result: yes
configure:5014: checking whether strsignal is declared
configure:5038: g++ -c -g -O2  conftest.cc >&5
configure:5044: $? = 0
configure:5048: test -z 
			 || test ! -s conftest.err
configure:5051: $? = 0
configure:5054: test -s conftest.o
configure:5057: $? = 0
configure:5068: result: yes
configure:5086: checking for sys/wait.h that is POSIX.1 compatible
configure:5117: g++ -c -g -O2  conftest.cc >&5
configure:5123: $? = 0
configure:5127: test -z 
			 || test ! -s conftest.err
configure:5130: $? = 0
configure:5133: test -s conftest.o
configure:5136: $? = 0
configure:5147: result: yes
configure:5293: creating ./config.status

## ---------------------- ##
## Running config.status. ##
## ---------------------- ##

This file was extended by CTool config.status 2.11, which was
generated by GNU Autoconf 2.59.  Invocation command line was

  CONFIG_FILES    = 
  CONFIG_HEADERS  = 
  CONFIG_LINKS    = 
  CONFIG_COMMANDS = 
  $ ./config.status 

on csd

config.status:664: creating local.mk
config.status:664: creating Makefile
config.status:664: creating src/Makefile
config.status:664: creating examples/Makefile
config.status:664: creating examples/ctdemo/Makefile

## ---------------- ##
## Cache variables. ##
## ---------------- ##

ac_cv_build=sparc-sun-solaris2.9
ac_cv_build_alias=sparc-sun-solaris2.9
ac_cv_c_compiler_gnu=yes
ac_cv_cxx_compiler_gnu=yes
ac_cv_env_CC_set=
ac_cv_env_CC_value=
ac_cv_env_CFLAGS_set=
ac_cv_env_CFLAGS_value=
ac_cv_env_CPPFLAGS_set=
ac_cv_env_CPPFLAGS_value=
ac_cv_env_CPP_set=
ac_cv_env_CPP_value=
ac_cv_env_CXXCPP_set=
ac_cv_env_CXXCPP_value=
ac_cv_env_CXXFLAGS_set=
ac_cv_env_CXXFLAGS_value=
ac_cv_env_CXX_set=
ac_cv_env_CXX_value=
ac_cv_env_LDFLAGS_set=
ac_cv_env_LDFLAGS_value=
ac_cv_env_build_alias_set=
ac_cv_env_build_alias_value=
ac_cv_env_host_alias_set=
ac_cv_env_host_alias_value=
ac_cv_env_target_alias_set=
ac_cv_env_target_alias_value=
ac_cv_exeext=
ac_cv_func_getenv=yes
ac_cv_func_putenv=yes
ac_cv_func_setenv=no
ac_cv_func_strsignal=yes
ac_cv_func_unsetenv=no
ac_cv_have_decl_strsignal=yes
ac_cv_header_inttypes_h=yes
ac_cv_header_memory_h=yes
ac_cv_header_stdc=yes
ac_cv_header_stdint_h=no
ac_cv_header_stdlib_h=yes
ac_cv_header_string_h=yes
ac_cv_header_strings_h=yes
ac_cv_header_sys_stat_h=yes
ac_cv_header_sys_types_h=yes
ac_cv_header_sys_wait_h=yes
ac_cv_header_unistd_h=yes
ac_cv_host=sparc-sun-solaris2.9
ac_cv_host_alias=sparc-sun-solaris2.9
ac_cv_lib_fl_yywrap=yes
ac_cv_objext=o
ac_cv_prog_CPP=$'gcc -E'
ac_cv_prog_CXXCPP=$'g++ -E'
ac_cv_prog_LEX=flex
ac_cv_prog_YACC=$'bison -y'
ac_cv_prog_ac_ct_CC=gcc
ac_cv_prog_ac_ct_CXX=g++
ac_cv_prog_ac_ct_RANLIB=ranlib
ac_cv_prog_cc_g=yes
ac_cv_prog_cc_stdc=
ac_cv_prog_cxx_g=yes
ac_cv_prog_egrep=egrep
ac_cv_prog_lex_root=lex.yy
ac_cv_prog_lex_yytext_pointer=yes
ac_cv_prog_make_make_set=yes

## ----------------- ##
## Output variables. ##
## ----------------- ##

CC='gcc'
CFLAGS='-g -O2'
CPP='gcc -E'
CPPFLAGS=''
CXX='g++'
CXXCPP='g++ -E'
CXXFLAGS='-g -O2'
DEFS='-DPACKAGE_NAME=\"CTool\" -DPACKAGE_TARNAME=\"ctool\" -DPACKAGE_VERSION=\"2.11\" -DPACKAGE_STRING=\"CTool\ 2.11\" -DPACKAGE_BUGREPORT=\"ctool-develop@lists.sourceforge.net\" -DYYTEXT_POINTER=1 -DSTDC_HEADERS=1 -DHAVE_GETENV=1 -DHAVE_PUTENV=1 -DHAVE_STRSIGNAL=1 -DHAVE_SYS_TYPES_H=1 -DHAVE_SYS_STAT_H=1 -DHAVE_STDLIB_H=1 -DHAVE_STRING_H=1 -DHAVE_MEMORY_H=1 -DHAVE_STRINGS_H=1 -DHAVE_INTTYPES_H=1 -DHAVE_UNISTD_H=1 -DHAVE_STRING_H=1 -DHAVE_DECL_STRSIGNAL=1 -DHAVE_SYS_WAIT_H=1 '
ECHO_C=''
ECHO_N='-n'
ECHO_T=''
EGREP='egrep'
EXEEXT=''
INSTALL_DATA='${INSTALL} -m 644'
INSTALL_PROGRAM='${INSTALL}'
INSTALL_SCRIPT='${INSTALL}'
LDFLAGS=''
LEX='flex'
LEXLIB='-lfl'
LEX_OUTPUT_ROOT='lex.yy'
LIBOBJS=''
LIBS=''
LTLIBOBJS=''
OBJEXT='o'
PACKAGE_BUGREPORT='ctool-develop@lists.sourceforge.net'
PACKAGE_NAME='CTool'
PACKAGE_STRING='CTool 2.11'
PACKAGE_TARNAME='ctool'
PACKAGE_VERSION='2.11'
PATH_SEPARATOR=':'
RANLIB='ranlib'
SET_MAKE=''
SHELL='/bin/bash'
YACC='bison -y'
ac_ct_CC='gcc'
ac_ct_CXX='g++'
ac_ct_RANLIB='ranlib'
bindir='${exec_prefix}/bin'
build='sparc-sun-solaris2.9'
build_alias=''
build_cpu='sparc'
build_os='solaris2.9'
build_vendor='sun'
datadir='${prefix}/share'
exec_prefix='${prefix}'
host='sparc-sun-solaris2.9'
host_alias=''
host_cpu='sparc'
host_os='solaris2.9'
host_vendor='sun'
includedir='${prefix}/include'
infodir='${prefix}/info'
libdir='${exec_prefix}/lib'
libexecdir='${exec_prefix}/libexec'
localstatedir='${prefix}/var'
mandir='${prefix}/man'
oldincludedir='/usr/include'
prefix='/usr/local'
program_transform_name='s,x,x,'
sbindir='${exec_prefix}/sbin'
sharedstatedir='${prefix}/com'
sysconfdir='${prefix}/etc'
target_alias=''

## ----------- ##
## confdefs.h. ##
## ----------- ##

#define HAVE_DECL_STRSIGNAL 1
#define HAVE_GETENV 1
#define HAVE_INTTYPES_H 1
#define HAVE_MEMORY_H 1
#define HAVE_PUTENV 1
#define HAVE_STDLIB_H 1
#define HAVE_STRINGS_H 1
#define HAVE_STRING_H 1
#define HAVE_STRING_H 1
#define HAVE_STRSIGNAL 1
#define HAVE_SYS_STAT_H 1
#define HAVE_SYS_TYPES_H 1
#define HAVE_SYS_WAIT_H 1
#define HAVE_UNISTD_H 1
#define PACKAGE_BUGREPORT "ctool-develop@lists.sourceforge.net"
#define PACKAGE_NAME "CTool"
#define PACKAGE_STRING "CTool 2.11"
#define PACKAGE_TARNAME "ctool"
#define PACKAGE_VERSION "2.11"
#define STDC_HEADERS 1
#define YYTEXT_POINTER 1
#endif
#ifdef __cplusplus
extern "C" void exit (int);

configure: exit 0
